2022-05-15 11:01:56,325:INFO:PyCaret Supervised Module
2022-05-15 11:01:56,325:INFO:ML Usecase: classification
2022-05-15 11:01:56,325:INFO:version 2.3.10
2022-05-15 11:01:56,325:INFO:Initializing setup()
2022-05-15 11:01:56,325:INFO:setup(target=60, ml_usecase=classification, available_plots={'parameter': 'Hyperparameters', 'auc': 'AUC', 'confusion_matrix': 'Confusion Matrix', 'threshold': 'Threshold', 'pr': 'Precision Recall', 'error': 'Prediction Error', 'class_report': 'Class Report', 'rfe': 'Feature Selection', 'learning': 'Learning Curve', 'manifold': 'Manifold Learning', 'calibration': 'Calibration Curve', 'vc': 'Validation Curve', 'dimension': 'Dimensions', 'feature': 'Feature Importance', 'feature_all': 'Feature Importance (All)', 'boundary': 'Decision Boundary', 'lift': 'Lift Chart', 'gain': 'Gain Chart', 'tree': 'Decision Tree', 'ks': 'KS Statistic Plot'}, train_size=0.7, test_data=None, preprocess=True, imputation_type=simple, iterative_imputation_iters=5, categorical_features=None, categorical_imputation=constant, categorical_iterative_imputer=lightgbm, ordinal_features=None, high_cardinality_features=None, high_cardinality_method=frequency, numeric_features=None, numeric_imputation=mean, numeric_iterative_imputer=lightgbm, date_features=None, ignore_features=None, normalize=False, normalize_method=zscore, transformation=False, transformation_method=yeo-johnson, handle_unknown_categorical=True, unknown_categorical_method=least_frequent, pca=False, pca_method=linear, pca_components=None, ignore_low_variance=False, combine_rare_levels=False, rare_level_threshold=0.1, bin_numeric_features=None, remove_outliers=False, outliers_threshold=0.05, remove_multicollinearity=False, multicollinearity_threshold=0.9, remove_perfect_collinearity=True, create_clusters=False, cluster_iter=20, polynomial_features=False, polynomial_degree=2, trigonometry_features=False, polynomial_threshold=0.1, group_features=None, group_names=None, feature_selection=False, feature_selection_threshold=0.8, feature_selection_method=classic, feature_interaction=False, feature_ratio=False, interaction_threshold=0.01, fix_imbalance=False, fix_imbalance_method=None, transform_target=False, transform_target_method=box-cox, data_split_shuffle=True, data_split_stratify=False, fold_strategy=stratifiedkfold, fold=10, fold_shuffle=False, fold_groups=None, n_jobs=-1, use_gpu=False, custom_pipeline=None, html=False, session_id=None, log_experiment=False, experiment_name=None, experiment_custom_tags=None, log_plots=False, log_profile=False, log_data=False, silent=True, verbose=False, profile=False, profile_kwargs=None, display=None)
2022-05-15 11:01:56,325:INFO:Checking environment
2022-05-15 11:01:56,326:INFO:python_version: 3.9.12
2022-05-15 11:01:56,326:INFO:python_build: ('main', 'May 14 2022 22:31:37')
2022-05-15 11:01:56,326:INFO:machine: x86_64
2022-05-15 11:01:56,326:INFO:platform: Linux-5.17.7-arch1-1-x86_64-with-glibc2.35
2022-05-15 11:01:56,326:INFO:Memory: svmem(total=8337096704, available=6028431360, percent=27.7, used=1949057024, free=5000466432, active=469057536, inactive=2644226048, buffers=66465792, cached=1321107456, shared=103915520, slab=112951296)
2022-05-15 11:01:56,326:INFO:Physical Core: 1
2022-05-15 11:01:56,326:INFO:Logical Core: 1
2022-05-15 11:01:56,327:INFO:Checking libraries
2022-05-15 11:01:56,327:INFO:pd==1.4.2
2022-05-15 11:01:56,327:INFO:numpy==1.19.5
2022-05-15 11:01:56,327:INFO:sklearn==0.23.2
2022-05-15 11:01:56,327:INFO:lightgbm==3.3.2
2022-05-15 11:01:56,327:WARNING:catboost not found
2022-05-15 11:01:56,327:WARNING:xgboost not found
2022-05-15 11:01:56,327:INFO:mlflow==1.25.1
2022-05-15 11:01:56,327:INFO:Checking Exceptions
2022-05-15 11:01:56,327:INFO:Declaring global variables
2022-05-15 11:01:56,327:INFO:USI: 3f96
2022-05-15 11:01:56,327:INFO:pycaret_globals: {'create_model_container', '_internal_pipeline', 'display_container', 'fold_groups_param', 'pycaret_globals', 'fix_imbalance_param', 'fold_generator', 'imputation_classifier', 'y_train', 'USI', '_gpu_n_jobs_param', 'seed', '_ml_usecase', '_all_models', 'X_test', 'stratify_param', 'imputation_regressor', 'transform_target_param', 'n_jobs_param', 'X_train', 'y', '_all_models_internal', 'X', 'dashboard_logger', 'prep_pipe', 'y_test', '_available_plots', 'data_before_preprocess', 'fold_shuffle_param', 'transform_target_method_param', 'master_model_container', 'html_param', 'fold_groups_param_full', 'fix_imbalance_method_param', 'fold_param', '_all_metrics', 'logging_param', 'target_param', 'gpu_param', 'exp_name_log', 'experiment__', 'iterative_imputation_iters_param', 'log_plots_param'}
2022-05-15 11:01:56,327:INFO:Preparing display monitor
2022-05-15 11:01:56,327:INFO:Importing libraries
2022-05-15 11:01:56,335:INFO:Copying data for preprocessing
2022-05-15 11:01:56,336:INFO:Declaring preprocessing parameters
2022-05-15 11:01:56,339:INFO:Creating preprocessing pipeline
2022-05-15 11:01:56,393:INFO:Preprocessing pipeline created successfully
2022-05-15 11:01:56,394:ERROR:(Process Exit): setup has been interupted with user command 'quit'. setup must rerun.
2022-05-15 11:01:56,394:INFO:Creating global containers
2022-05-15 11:01:56,404:INFO:Internal pipeline: Pipeline(memory=None, steps=[('empty_step', 'passthrough')], verbose=False)
2022-05-15 11:01:59,510:WARNING:Couldn't import xgboost.XGBClassifier
2022-05-15 11:01:59,510:WARNING:Couldn't import catboost.CatBoostClassifier
2022-05-15 11:01:59,635:WARNING:Couldn't import xgboost.XGBClassifier
2022-05-15 11:01:59,636:WARNING:Couldn't import catboost.CatBoostClassifier
2022-05-15 11:01:59,637:INFO:Creating grid variables
2022-05-15 11:01:59,639:INFO:create_model_container: 0
2022-05-15 11:01:59,639:INFO:master_model_container: 0
2022-05-15 11:01:59,639:INFO:display_container: 1
2022-05-15 11:01:59,644:INFO:Pipeline(memory=None,
         steps=[('dtypes',
                 DataTypes_Auto_infer(categorical_features=[],
                                      display_types=False, features_todrop=[],
                                      id_columns=[],
                                      ml_usecase='classification',
                                      numerical_features=[], target='60',
                                      time_features=[])),
                ('imputer',
                 Simple_Imputer(categorical_strategy='not_available',
                                fill_value_categorical=None,
                                fill_value_numerical=None,
                                numeric_strategy...
                ('scaling', 'passthrough'), ('P_transform', 'passthrough'),
                ('binn', 'passthrough'), ('rem_outliers', 'passthrough'),
                ('cluster_all', 'passthrough'), ('dummy', Dummify(target='60')),
                ('fix_perfect', Remove_100(target='60')),
                ('clean_names', Clean_Colum_Names()),
                ('feature_select', 'passthrough'), ('fix_multi', 'passthrough'),
                ('dfs', 'passthrough'), ('pca', 'passthrough')],
         verbose=False)
2022-05-15 11:01:59,644:INFO:setup() succesfully completed......................................
2022-05-15 11:01:59,804:INFO:Initializing compare_models()
2022-05-15 11:01:59,805:INFO:compare_models(include=None, fold=None, round=4, cross_validation=True, sort=Accuracy, n_select=1, budget_time=None, turbo=True, errors=ignore, fit_kwargs=None, groups=None, experiment_custom_tags=None, probability_threshold=None, verbose=True, display=None, exclude=None)
2022-05-15 11:01:59,805:INFO:Checking exceptions
2022-05-15 11:01:59,805:INFO:Preparing display monitor
2022-05-15 11:01:59,806:INFO:Preparing display monitor
2022-05-15 11:01:59,807:INFO:Initializing Logistic Regression
2022-05-15 11:01:59,807:INFO:Total runtime is 1.3192494710286458e-06 minutes
2022-05-15 11:01:59,808:INFO:SubProcess create_model() called ==================================
2022-05-15 11:01:59,808:INFO:Initializing create_model()
2022-05-15 11:01:59,808:INFO:create_model(estimator=lr, fold=StratifiedKFold(n_splits=10, random_state=None, shuffle=False), round=4, cross_validation=True, predict=True, fit_kwargs={}, groups=None, refit=False, verbose=False, system=False, metrics=None, experiment_custom_tags=None, add_to_model_list=True, probability_threshold=None, display=<pycaret.internal.Display.Display object at 0x7f21d9aef9a0>, return_train_score=False, kwargs={})
2022-05-15 11:01:59,808:INFO:Checking exceptions
2022-05-15 11:01:59,808:INFO:Importing libraries
2022-05-15 11:01:59,808:INFO:Copying training dataset
2022-05-15 11:01:59,808:INFO:Defining folds
2022-05-15 11:01:59,808:INFO:Declaring metric variables
2022-05-15 11:01:59,808:INFO:Importing untrained model
2022-05-15 11:01:59,809:INFO:Logistic Regression Imported succesfully
2022-05-15 11:01:59,809:INFO:Starting cross validation
2022-05-15 11:01:59,809:INFO:Cross validating with StratifiedKFold(n_splits=10, random_state=None, shuffle=False), n_jobs=-1
2022-05-15 11:02:00,083:INFO:Calculating mean and std
2022-05-15 11:02:00,084:INFO:Creating metrics dataframe
2022-05-15 11:02:00,119:INFO:Uploading results into container
2022-05-15 11:02:00,119:INFO:Uploading model into container now
2022-05-15 11:02:00,119:INFO:create_model_container: 1
2022-05-15 11:02:00,119:INFO:master_model_container: 1
2022-05-15 11:02:00,119:INFO:display_container: 2
2022-05-15 11:02:00,119:INFO:LogisticRegression(C=1.0, class_weight=None, dual=False, fit_intercept=True,
                   intercept_scaling=1, l1_ratio=None, max_iter=1000,
                   multi_class='auto', n_jobs=None, penalty='l2',
                   random_state=899, solver='lbfgs', tol=0.0001, verbose=0,
                   warm_start=False)
2022-05-15 11:02:00,119:INFO:create_model() succesfully completed......................................
2022-05-15 11:02:00,261:INFO:SubProcess create_model() end ==================================
2022-05-15 11:02:00,261:INFO:Creating metrics dataframe
2022-05-15 11:02:00,319:INFO:Initializing K Neighbors Classifier
2022-05-15 11:02:00,320:INFO:Total runtime is 0.008540614446004232 minutes
2022-05-15 11:02:00,320:INFO:SubProcess create_model() called ==================================
2022-05-15 11:02:00,323:INFO:Initializing create_model()
2022-05-15 11:02:00,324:INFO:create_model(estimator=knn, fold=StratifiedKFold(n_splits=10, random_state=None, shuffle=False), round=4, cross_validation=True, predict=True, fit_kwargs={}, groups=None, refit=False, verbose=False, system=False, metrics=None, experiment_custom_tags=None, add_to_model_list=True, probability_threshold=None, display=<pycaret.internal.Display.Display object at 0x7f21d9aef9a0>, return_train_score=False, kwargs={})
2022-05-15 11:02:00,324:INFO:Checking exceptions
2022-05-15 11:02:00,324:INFO:Importing libraries
2022-05-15 11:02:00,324:INFO:Copying training dataset
2022-05-15 11:02:00,324:INFO:Defining folds
2022-05-15 11:02:00,326:INFO:Declaring metric variables
2022-05-15 11:02:00,326:INFO:Importing untrained model
2022-05-15 11:02:00,326:INFO:K Neighbors Classifier Imported succesfully
2022-05-15 11:02:00,326:INFO:Starting cross validation
2022-05-15 11:02:00,326:INFO:Cross validating with StratifiedKFold(n_splits=10, random_state=None, shuffle=False), n_jobs=-1
2022-05-15 11:02:00,690:INFO:Calculating mean and std
2022-05-15 11:02:00,690:INFO:Creating metrics dataframe
2022-05-15 11:02:00,738:INFO:Uploading results into container
2022-05-15 11:02:00,739:INFO:Uploading model into container now
2022-05-15 11:02:00,739:INFO:create_model_container: 2
2022-05-15 11:02:00,739:INFO:master_model_container: 2
2022-05-15 11:02:00,739:INFO:display_container: 2
2022-05-15 11:02:00,740:INFO:KNeighborsClassifier(algorithm='auto', leaf_size=30, metric='minkowski',
                     metric_params=None, n_jobs=-1, n_neighbors=5, p=2,
                     weights='uniform')
2022-05-15 11:02:00,740:INFO:create_model() succesfully completed......................................
2022-05-15 11:02:00,992:INFO:SubProcess create_model() end ==================================
2022-05-15 11:02:00,992:INFO:Creating metrics dataframe
2022-05-15 11:02:01,090:INFO:Initializing Naive Bayes
2022-05-15 11:02:01,090:INFO:Total runtime is 0.02138350407282511 minutes
2022-05-15 11:02:01,090:INFO:SubProcess create_model() called ==================================
2022-05-15 11:02:01,095:INFO:Initializing create_model()
2022-05-15 11:02:01,095:INFO:create_model(estimator=nb, fold=StratifiedKFold(n_splits=10, random_state=None, shuffle=False), round=4, cross_validation=True, predict=True, fit_kwargs={}, groups=None, refit=False, verbose=False, system=False, metrics=None, experiment_custom_tags=None, add_to_model_list=True, probability_threshold=None, display=<pycaret.internal.Display.Display object at 0x7f21d9aef9a0>, return_train_score=False, kwargs={})
2022-05-15 11:02:01,095:INFO:Checking exceptions
2022-05-15 11:02:01,095:INFO:Importing libraries
2022-05-15 11:02:01,095:INFO:Copying training dataset
2022-05-15 11:02:01,096:INFO:Defining folds
2022-05-15 11:02:01,096:INFO:Declaring metric variables
2022-05-15 11:02:01,096:INFO:Importing untrained model
2022-05-15 11:02:01,103:INFO:Naive Bayes Imported succesfully
2022-05-15 11:02:01,103:INFO:Starting cross validation
2022-05-15 11:02:01,104:INFO:Cross validating with StratifiedKFold(n_splits=10, random_state=None, shuffle=False), n_jobs=-1
2022-05-15 11:02:01,437:INFO:Calculating mean and std
2022-05-15 11:02:01,438:INFO:Creating metrics dataframe
2022-05-15 11:02:01,488:INFO:Uploading results into container
2022-05-15 11:02:01,490:INFO:Uploading model into container now
2022-05-15 11:02:01,491:INFO:create_model_container: 3
2022-05-15 11:02:01,491:INFO:master_model_container: 3
2022-05-15 11:02:01,491:INFO:display_container: 2
2022-05-15 11:02:01,491:INFO:GaussianNB(priors=None, var_smoothing=1e-09)
2022-05-15 11:02:01,491:INFO:create_model() succesfully completed......................................
2022-05-15 11:02:01,654:INFO:SubProcess create_model() end ==================================
2022-05-15 11:02:01,654:INFO:Creating metrics dataframe
2022-05-15 11:02:01,726:INFO:Initializing Decision Tree Classifier
2022-05-15 11:02:01,726:INFO:Total runtime is 0.031976000467936194 minutes
2022-05-15 11:02:01,726:INFO:SubProcess create_model() called ==================================
2022-05-15 11:02:01,738:INFO:Initializing create_model()
2022-05-15 11:02:01,738:INFO:create_model(estimator=dt, fold=StratifiedKFold(n_splits=10, random_state=None, shuffle=False), round=4, cross_validation=True, predict=True, fit_kwargs={}, groups=None, refit=False, verbose=False, system=False, metrics=None, experiment_custom_tags=None, add_to_model_list=True, probability_threshold=None, display=<pycaret.internal.Display.Display object at 0x7f21d9aef9a0>, return_train_score=False, kwargs={})
2022-05-15 11:02:01,743:INFO:Checking exceptions
2022-05-15 11:02:01,743:INFO:Importing libraries
2022-05-15 11:02:01,743:INFO:Copying training dataset
2022-05-15 11:02:01,744:INFO:Defining folds
2022-05-15 11:02:01,744:INFO:Declaring metric variables
2022-05-15 11:02:01,744:INFO:Importing untrained model
2022-05-15 11:02:01,744:INFO:Decision Tree Classifier Imported succesfully
2022-05-15 11:02:01,744:INFO:Starting cross validation
2022-05-15 11:02:01,756:INFO:Cross validating with StratifiedKFold(n_splits=10, random_state=None, shuffle=False), n_jobs=-1
2022-05-15 11:02:02,122:INFO:Calculating mean and std
2022-05-15 11:02:02,122:INFO:Creating metrics dataframe
2022-05-15 11:02:02,153:INFO:Uploading results into container
2022-05-15 11:02:02,153:INFO:Uploading model into container now
2022-05-15 11:02:02,153:INFO:create_model_container: 4
2022-05-15 11:02:02,153:INFO:master_model_container: 4
2022-05-15 11:02:02,153:INFO:display_container: 2
2022-05-15 11:02:02,154:INFO:DecisionTreeClassifier(ccp_alpha=0.0, class_weight=None, criterion='gini',
                       max_depth=None, max_features=None, max_leaf_nodes=None,
                       min_impurity_decrease=0.0, min_impurity_split=None,
                       min_samples_leaf=1, min_samples_split=2,
                       min_weight_fraction_leaf=0.0, presort='deprecated',
                       random_state=899, splitter='best')
2022-05-15 11:02:02,154:INFO:create_model() succesfully completed......................................
2022-05-15 11:02:02,324:INFO:SubProcess create_model() end ==================================
2022-05-15 11:02:02,325:INFO:Creating metrics dataframe
2022-05-15 11:02:02,393:INFO:Initializing SVM - Linear Kernel
2022-05-15 11:02:02,393:INFO:Total runtime is 0.043098314603169756 minutes
2022-05-15 11:02:02,393:INFO:SubProcess create_model() called ==================================
2022-05-15 11:02:02,394:INFO:Initializing create_model()
2022-05-15 11:02:02,394:INFO:create_model(estimator=svm, fold=StratifiedKFold(n_splits=10, random_state=None, shuffle=False), round=4, cross_validation=True, predict=True, fit_kwargs={}, groups=None, refit=False, verbose=False, system=False, metrics=None, experiment_custom_tags=None, add_to_model_list=True, probability_threshold=None, display=<pycaret.internal.Display.Display object at 0x7f21d9aef9a0>, return_train_score=False, kwargs={})
2022-05-15 11:02:02,394:INFO:Checking exceptions
2022-05-15 11:02:02,394:INFO:Importing libraries
2022-05-15 11:02:02,394:INFO:Copying training dataset
2022-05-15 11:02:02,394:INFO:Defining folds
2022-05-15 11:02:02,394:INFO:Declaring metric variables
2022-05-15 11:02:02,394:INFO:Importing untrained model
2022-05-15 11:02:02,400:INFO:SVM - Linear Kernel Imported succesfully
2022-05-15 11:02:02,400:INFO:Starting cross validation
2022-05-15 11:02:02,401:INFO:Cross validating with StratifiedKFold(n_splits=10, random_state=None, shuffle=False), n_jobs=-1
2022-05-15 11:02:02,687:INFO:Calculating mean and std
2022-05-15 11:02:02,687:INFO:Creating metrics dataframe
2022-05-15 11:02:02,752:INFO:Uploading results into container
2022-05-15 11:02:02,752:INFO:Uploading model into container now
2022-05-15 11:02:02,752:INFO:create_model_container: 5
2022-05-15 11:02:02,752:INFO:master_model_container: 5
2022-05-15 11:02:02,753:INFO:display_container: 2
2022-05-15 11:02:02,753:INFO:SGDClassifier(alpha=0.0001, average=False, class_weight=None,
              early_stopping=False, epsilon=0.1, eta0=0.001, fit_intercept=True,
              l1_ratio=0.15, learning_rate='optimal', loss='hinge',
              max_iter=1000, n_iter_no_change=5, n_jobs=-1, penalty='l2',
              power_t=0.5, random_state=899, shuffle=True, tol=0.001,
              validation_fraction=0.1, verbose=0, warm_start=False)
2022-05-15 11:02:02,753:INFO:create_model() succesfully completed......................................
2022-05-15 11:02:02,951:INFO:SubProcess create_model() end ==================================
2022-05-15 11:02:02,951:INFO:Creating metrics dataframe
2022-05-15 11:02:02,992:INFO:Initializing Ridge Classifier
2022-05-15 11:02:02,992:INFO:Total runtime is 0.05307546854019165 minutes
2022-05-15 11:02:02,992:INFO:SubProcess create_model() called ==================================
2022-05-15 11:02:02,992:INFO:Initializing create_model()
2022-05-15 11:02:02,992:INFO:create_model(estimator=ridge, fold=StratifiedKFold(n_splits=10, random_state=None, shuffle=False), round=4, cross_validation=True, predict=True, fit_kwargs={}, groups=None, refit=False, verbose=False, system=False, metrics=None, experiment_custom_tags=None, add_to_model_list=True, probability_threshold=None, display=<pycaret.internal.Display.Display object at 0x7f21d9aef9a0>, return_train_score=False, kwargs={})
2022-05-15 11:02:02,992:INFO:Checking exceptions
2022-05-15 11:02:02,992:INFO:Importing libraries
2022-05-15 11:02:03,008:INFO:Copying training dataset
2022-05-15 11:02:03,008:INFO:Defining folds
2022-05-15 11:02:03,008:INFO:Declaring metric variables
2022-05-15 11:02:03,008:INFO:Importing untrained model
2022-05-15 11:02:03,009:INFO:Ridge Classifier Imported succesfully
2022-05-15 11:02:03,009:INFO:Starting cross validation
2022-05-15 11:02:03,010:INFO:Cross validating with StratifiedKFold(n_splits=10, random_state=None, shuffle=False), n_jobs=-1
2022-05-15 11:02:03,390:INFO:Calculating mean and std
2022-05-15 11:02:03,391:INFO:Creating metrics dataframe
2022-05-15 11:02:03,423:INFO:Uploading results into container
2022-05-15 11:02:03,424:INFO:Uploading model into container now
2022-05-15 11:02:03,424:INFO:create_model_container: 6
2022-05-15 11:02:03,424:INFO:master_model_container: 6
2022-05-15 11:02:03,424:INFO:display_container: 2
2022-05-15 11:02:03,424:INFO:RidgeClassifier(alpha=1.0, class_weight=None, copy_X=True, fit_intercept=True,
                max_iter=None, normalize=False, random_state=899, solver='auto',
                tol=0.001)
2022-05-15 11:02:03,424:INFO:create_model() succesfully completed......................................
2022-05-15 11:02:03,594:INFO:SubProcess create_model() end ==================================
2022-05-15 11:02:03,594:INFO:Creating metrics dataframe
2022-05-15 11:02:03,655:INFO:Initializing Random Forest Classifier
2022-05-15 11:02:03,656:INFO:Total runtime is 0.0641344388326009 minutes
2022-05-15 11:02:03,656:INFO:SubProcess create_model() called ==================================
2022-05-15 11:02:03,656:INFO:Initializing create_model()
2022-05-15 11:02:03,656:INFO:create_model(estimator=rf, fold=StratifiedKFold(n_splits=10, random_state=None, shuffle=False), round=4, cross_validation=True, predict=True, fit_kwargs={}, groups=None, refit=False, verbose=False, system=False, metrics=None, experiment_custom_tags=None, add_to_model_list=True, probability_threshold=None, display=<pycaret.internal.Display.Display object at 0x7f21d9aef9a0>, return_train_score=False, kwargs={})
2022-05-15 11:02:03,656:INFO:Checking exceptions
2022-05-15 11:02:03,657:INFO:Importing libraries
2022-05-15 11:02:03,657:INFO:Copying training dataset
2022-05-15 11:02:03,657:INFO:Defining folds
2022-05-15 11:02:03,658:INFO:Declaring metric variables
2022-05-15 11:02:03,659:INFO:Importing untrained model
2022-05-15 11:02:03,660:INFO:Random Forest Classifier Imported succesfully
2022-05-15 11:02:03,661:INFO:Starting cross validation
2022-05-15 11:02:03,668:INFO:Cross validating with StratifiedKFold(n_splits=10, random_state=None, shuffle=False), n_jobs=-1
2022-05-15 11:02:06,675:INFO:Calculating mean and std
2022-05-15 11:02:06,676:INFO:Creating metrics dataframe
2022-05-15 11:02:06,705:INFO:Uploading results into container
2022-05-15 11:02:06,705:INFO:Uploading model into container now
2022-05-15 11:02:06,705:INFO:create_model_container: 7
2022-05-15 11:02:06,705:INFO:master_model_container: 7
2022-05-15 11:02:06,705:INFO:display_container: 2
2022-05-15 11:02:06,705:INFO:RandomForestClassifier(bootstrap=True, ccp_alpha=0.0, class_weight=None,
                       criterion='gini', max_depth=None, max_features='auto',
                       max_leaf_nodes=None, max_samples=None,
                       min_impurity_decrease=0.0, min_impurity_split=None,
                       min_samples_leaf=1, min_samples_split=2,
                       min_weight_fraction_leaf=0.0, n_estimators=100,
                       n_jobs=-1, oob_score=False, random_state=899, verbose=0,
                       warm_start=False)
2022-05-15 11:02:06,705:INFO:create_model() succesfully completed......................................
2022-05-15 11:02:06,854:INFO:SubProcess create_model() end ==================================
2022-05-15 11:02:06,854:INFO:Creating metrics dataframe
2022-05-15 11:02:06,900:INFO:Initializing Quadratic Discriminant Analysis
2022-05-15 11:02:06,901:INFO:Total runtime is 0.11823458671569824 minutes
2022-05-15 11:02:06,902:INFO:SubProcess create_model() called ==================================
2022-05-15 11:02:06,902:INFO:Initializing create_model()
2022-05-15 11:02:06,902:INFO:create_model(estimator=qda, fold=StratifiedKFold(n_splits=10, random_state=None, shuffle=False), round=4, cross_validation=True, predict=True, fit_kwargs={}, groups=None, refit=False, verbose=False, system=False, metrics=None, experiment_custom_tags=None, add_to_model_list=True, probability_threshold=None, display=<pycaret.internal.Display.Display object at 0x7f21d9aef9a0>, return_train_score=False, kwargs={})
2022-05-15 11:02:06,902:INFO:Checking exceptions
2022-05-15 11:02:06,902:INFO:Importing libraries
2022-05-15 11:02:06,902:INFO:Copying training dataset
2022-05-15 11:02:06,902:INFO:Defining folds
2022-05-15 11:02:06,902:INFO:Declaring metric variables
2022-05-15 11:02:06,902:INFO:Importing untrained model
2022-05-15 11:02:06,903:INFO:Quadratic Discriminant Analysis Imported succesfully
2022-05-15 11:02:06,903:INFO:Starting cross validation
2022-05-15 11:02:06,903:INFO:Cross validating with StratifiedKFold(n_splits=10, random_state=None, shuffle=False), n_jobs=-1
2022-05-15 11:02:07,372:INFO:Calculating mean and std
2022-05-15 11:02:07,372:INFO:Creating metrics dataframe
2022-05-15 11:02:07,405:INFO:Uploading results into container
2022-05-15 11:02:07,406:INFO:Uploading model into container now
2022-05-15 11:02:07,406:INFO:create_model_container: 8
2022-05-15 11:02:07,406:INFO:master_model_container: 8
2022-05-15 11:02:07,406:INFO:display_container: 2
2022-05-15 11:02:07,406:INFO:QuadraticDiscriminantAnalysis(priors=None, reg_param=0.0,
                              store_covariance=False, tol=0.0001)
2022-05-15 11:02:07,406:INFO:create_model() succesfully completed......................................
2022-05-15 11:02:07,571:INFO:SubProcess create_model() end ==================================
2022-05-15 11:02:07,571:INFO:Creating metrics dataframe
2022-05-15 11:02:07,625:INFO:Initializing Ada Boost Classifier
2022-05-15 11:02:07,625:INFO:Total runtime is 0.1302919904390971 minutes
2022-05-15 11:02:07,625:INFO:SubProcess create_model() called ==================================
2022-05-15 11:02:07,626:INFO:Initializing create_model()
2022-05-15 11:02:07,626:INFO:create_model(estimator=ada, fold=StratifiedKFold(n_splits=10, random_state=None, shuffle=False), round=4, cross_validation=True, predict=True, fit_kwargs={}, groups=None, refit=False, verbose=False, system=False, metrics=None, experiment_custom_tags=None, add_to_model_list=True, probability_threshold=None, display=<pycaret.internal.Display.Display object at 0x7f21d9aef9a0>, return_train_score=False, kwargs={})
2022-05-15 11:02:07,626:INFO:Checking exceptions
2022-05-15 11:02:07,639:INFO:Importing libraries
2022-05-15 11:02:07,640:INFO:Copying training dataset
2022-05-15 11:02:07,640:INFO:Defining folds
2022-05-15 11:02:07,640:INFO:Declaring metric variables
2022-05-15 11:02:07,640:INFO:Importing untrained model
2022-05-15 11:02:07,641:INFO:Ada Boost Classifier Imported succesfully
2022-05-15 11:02:07,641:INFO:Starting cross validation
2022-05-15 11:02:07,641:INFO:Cross validating with StratifiedKFold(n_splits=10, random_state=None, shuffle=False), n_jobs=-1
2022-05-15 11:02:09,789:INFO:Calculating mean and std
2022-05-15 11:02:09,790:INFO:Creating metrics dataframe
2022-05-15 11:02:09,906:INFO:Uploading results into container
2022-05-15 11:02:09,906:INFO:Uploading model into container now
2022-05-15 11:02:09,906:INFO:create_model_container: 9
2022-05-15 11:02:09,906:INFO:master_model_container: 9
2022-05-15 11:02:09,906:INFO:display_container: 2
2022-05-15 11:02:09,906:INFO:AdaBoostClassifier(algorithm='SAMME.R', base_estimator=None, learning_rate=1.0,
                   n_estimators=50, random_state=899)
2022-05-15 11:02:09,906:INFO:create_model() succesfully completed......................................
2022-05-15 11:02:10,339:INFO:SubProcess create_model() end ==================================
2022-05-15 11:02:10,339:INFO:Creating metrics dataframe
2022-05-15 11:02:10,494:INFO:Initializing Gradient Boosting Classifier
2022-05-15 11:02:10,494:INFO:Total runtime is 0.1781095822652181 minutes
2022-05-15 11:02:10,494:INFO:SubProcess create_model() called ==================================
2022-05-15 11:02:10,495:INFO:Initializing create_model()
2022-05-15 11:02:10,495:INFO:create_model(estimator=gbc, fold=StratifiedKFold(n_splits=10, random_state=None, shuffle=False), round=4, cross_validation=True, predict=True, fit_kwargs={}, groups=None, refit=False, verbose=False, system=False, metrics=None, experiment_custom_tags=None, add_to_model_list=True, probability_threshold=None, display=<pycaret.internal.Display.Display object at 0x7f21d9aef9a0>, return_train_score=False, kwargs={})
2022-05-15 11:02:10,495:INFO:Checking exceptions
2022-05-15 11:02:10,495:INFO:Importing libraries
2022-05-15 11:02:10,495:INFO:Copying training dataset
2022-05-15 11:02:10,504:INFO:Defining folds
2022-05-15 11:02:10,504:INFO:Declaring metric variables
2022-05-15 11:02:10,504:INFO:Importing untrained model
2022-05-15 11:02:10,504:INFO:Gradient Boosting Classifier Imported succesfully
2022-05-15 11:02:10,509:INFO:Starting cross validation
2022-05-15 11:02:10,510:INFO:Cross validating with StratifiedKFold(n_splits=10, random_state=None, shuffle=False), n_jobs=-1
2022-05-15 11:02:14,039:INFO:Calculating mean and std
2022-05-15 11:02:14,040:INFO:Creating metrics dataframe
2022-05-15 11:02:14,067:INFO:Uploading results into container
2022-05-15 11:02:14,067:INFO:Uploading model into container now
2022-05-15 11:02:14,067:INFO:create_model_container: 10
2022-05-15 11:02:14,067:INFO:master_model_container: 10
2022-05-15 11:02:14,067:INFO:display_container: 2
2022-05-15 11:02:14,067:INFO:GradientBoostingClassifier(ccp_alpha=0.0, criterion='friedman_mse', init=None,
                           learning_rate=0.1, loss='deviance', max_depth=3,
                           max_features=None, max_leaf_nodes=None,
                           min_impurity_decrease=0.0, min_impurity_split=None,
                           min_samples_leaf=1, min_samples_split=2,
                           min_weight_fraction_leaf=0.0, n_estimators=100,
                           n_iter_no_change=None, presort='deprecated',
                           random_state=899, subsample=1.0, tol=0.0001,
                           validation_fraction=0.1, verbose=0,
                           warm_start=False)
2022-05-15 11:02:14,068:INFO:create_model() succesfully completed......................................
2022-05-15 11:02:14,217:INFO:SubProcess create_model() end ==================================
2022-05-15 11:02:14,217:INFO:Creating metrics dataframe
2022-05-15 11:02:14,290:INFO:Initializing Linear Discriminant Analysis
2022-05-15 11:02:14,290:INFO:Total runtime is 0.24137739737828573 minutes
2022-05-15 11:02:14,290:INFO:SubProcess create_model() called ==================================
2022-05-15 11:02:14,290:INFO:Initializing create_model()
2022-05-15 11:02:14,290:INFO:create_model(estimator=lda, fold=StratifiedKFold(n_splits=10, random_state=None, shuffle=False), round=4, cross_validation=True, predict=True, fit_kwargs={}, groups=None, refit=False, verbose=False, system=False, metrics=None, experiment_custom_tags=None, add_to_model_list=True, probability_threshold=None, display=<pycaret.internal.Display.Display object at 0x7f21d9aef9a0>, return_train_score=False, kwargs={})
2022-05-15 11:02:14,290:INFO:Checking exceptions
2022-05-15 11:02:14,290:INFO:Importing libraries
2022-05-15 11:02:14,290:INFO:Copying training dataset
2022-05-15 11:02:14,291:INFO:Defining folds
2022-05-15 11:02:14,291:INFO:Declaring metric variables
2022-05-15 11:02:14,291:INFO:Importing untrained model
2022-05-15 11:02:14,291:INFO:Linear Discriminant Analysis Imported succesfully
2022-05-15 11:02:14,291:INFO:Starting cross validation
2022-05-15 11:02:14,292:INFO:Cross validating with StratifiedKFold(n_splits=10, random_state=None, shuffle=False), n_jobs=-1
2022-05-15 11:02:14,673:INFO:Calculating mean and std
2022-05-15 11:02:14,673:INFO:Creating metrics dataframe
2022-05-15 11:02:14,703:INFO:Uploading results into container
2022-05-15 11:02:14,704:INFO:Uploading model into container now
2022-05-15 11:02:14,704:INFO:create_model_container: 11
2022-05-15 11:02:14,704:INFO:master_model_container: 11
2022-05-15 11:02:14,704:INFO:display_container: 2
2022-05-15 11:02:14,705:INFO:LinearDiscriminantAnalysis(n_components=None, priors=None, shrinkage=None,
                           solver='svd', store_covariance=False, tol=0.0001)
2022-05-15 11:02:14,705:INFO:create_model() succesfully completed......................................
2022-05-15 11:02:14,841:INFO:SubProcess create_model() end ==================================
2022-05-15 11:02:14,842:INFO:Creating metrics dataframe
2022-05-15 11:02:14,887:INFO:Initializing Extra Trees Classifier
2022-05-15 11:02:14,887:INFO:Total runtime is 0.25132776498794557 minutes
2022-05-15 11:02:14,887:INFO:SubProcess create_model() called ==================================
2022-05-15 11:02:14,893:INFO:Initializing create_model()
2022-05-15 11:02:14,895:INFO:create_model(estimator=et, fold=StratifiedKFold(n_splits=10, random_state=None, shuffle=False), round=4, cross_validation=True, predict=True, fit_kwargs={}, groups=None, refit=False, verbose=False, system=False, metrics=None, experiment_custom_tags=None, add_to_model_list=True, probability_threshold=None, display=<pycaret.internal.Display.Display object at 0x7f21d9aef9a0>, return_train_score=False, kwargs={})
2022-05-15 11:02:14,906:INFO:Checking exceptions
2022-05-15 11:02:14,906:INFO:Importing libraries
2022-05-15 11:02:14,906:INFO:Copying training dataset
2022-05-15 11:02:14,906:INFO:Defining folds
2022-05-15 11:02:14,908:INFO:Declaring metric variables
2022-05-15 11:02:14,908:INFO:Importing untrained model
2022-05-15 11:02:14,908:INFO:Extra Trees Classifier Imported succesfully
2022-05-15 11:02:14,909:INFO:Starting cross validation
2022-05-15 11:02:14,910:INFO:Cross validating with StratifiedKFold(n_splits=10, random_state=None, shuffle=False), n_jobs=-1
2022-05-15 11:02:17,810:INFO:Calculating mean and std
2022-05-15 11:02:17,810:INFO:Creating metrics dataframe
2022-05-15 11:02:17,836:INFO:Uploading results into container
2022-05-15 11:02:17,836:INFO:Uploading model into container now
2022-05-15 11:02:17,836:INFO:create_model_container: 12
2022-05-15 11:02:17,836:INFO:master_model_container: 12
2022-05-15 11:02:17,836:INFO:display_container: 2
2022-05-15 11:02:17,837:INFO:ExtraTreesClassifier(bootstrap=False, ccp_alpha=0.0, class_weight=None,
                     criterion='gini', max_depth=None, max_features='auto',
                     max_leaf_nodes=None, max_samples=None,
                     min_impurity_decrease=0.0, min_impurity_split=None,
                     min_samples_leaf=1, min_samples_split=2,
                     min_weight_fraction_leaf=0.0, n_estimators=100, n_jobs=-1,
                     oob_score=False, random_state=899, verbose=0,
                     warm_start=False)
2022-05-15 11:02:17,837:INFO:create_model() succesfully completed......................................
2022-05-15 11:02:17,985:INFO:SubProcess create_model() end ==================================
2022-05-15 11:02:17,985:INFO:Creating metrics dataframe
2022-05-15 11:02:18,027:INFO:Initializing Light Gradient Boosting Machine
2022-05-15 11:02:18,027:INFO:Total runtime is 0.3036555608113607 minutes
2022-05-15 11:02:18,027:INFO:SubProcess create_model() called ==================================
2022-05-15 11:02:18,035:INFO:Initializing create_model()
2022-05-15 11:02:18,035:INFO:create_model(estimator=lightgbm, fold=StratifiedKFold(n_splits=10, random_state=None, shuffle=False), round=4, cross_validation=True, predict=True, fit_kwargs={}, groups=None, refit=False, verbose=False, system=False, metrics=None, experiment_custom_tags=None, add_to_model_list=True, probability_threshold=None, display=<pycaret.internal.Display.Display object at 0x7f21d9aef9a0>, return_train_score=False, kwargs={})
2022-05-15 11:02:18,035:INFO:Checking exceptions
2022-05-15 11:02:18,036:INFO:Importing libraries
2022-05-15 11:02:18,036:INFO:Copying training dataset
2022-05-15 11:02:18,037:INFO:Defining folds
2022-05-15 11:02:18,037:INFO:Declaring metric variables
2022-05-15 11:02:18,037:INFO:Importing untrained model
2022-05-15 11:02:18,037:INFO:Light Gradient Boosting Machine Imported succesfully
2022-05-15 11:02:18,037:INFO:Starting cross validation
2022-05-15 11:02:18,054:INFO:Cross validating with StratifiedKFold(n_splits=10, random_state=None, shuffle=False), n_jobs=-1
2022-05-15 11:02:18,823:INFO:Calculating mean and std
2022-05-15 11:02:18,823:INFO:Creating metrics dataframe
2022-05-15 11:02:18,849:INFO:Uploading results into container
2022-05-15 11:02:18,849:INFO:Uploading model into container now
2022-05-15 11:02:18,850:INFO:create_model_container: 13
2022-05-15 11:02:18,850:INFO:master_model_container: 13
2022-05-15 11:02:18,850:INFO:display_container: 2
2022-05-15 11:02:18,850:INFO:LGBMClassifier(boosting_type='gbdt', class_weight=None, colsample_bytree=1.0,
               importance_type='split', learning_rate=0.1, max_depth=-1,
               min_child_samples=20, min_child_weight=0.001, min_split_gain=0.0,
               n_estimators=100, n_jobs=-1, num_leaves=31, objective=None,
               random_state=899, reg_alpha=0.0, reg_lambda=0.0, silent='warn',
               subsample=1.0, subsample_for_bin=200000, subsample_freq=0)
2022-05-15 11:02:18,850:INFO:create_model() succesfully completed......................................
2022-05-15 11:02:18,999:INFO:SubProcess create_model() end ==================================
2022-05-15 11:02:18,999:INFO:Creating metrics dataframe
2022-05-15 11:02:19,108:INFO:Initializing Dummy Classifier
2022-05-15 11:02:19,108:INFO:Total runtime is 0.32167527278264363 minutes
2022-05-15 11:02:19,108:INFO:SubProcess create_model() called ==================================
2022-05-15 11:02:19,108:INFO:Initializing create_model()
2022-05-15 11:02:19,108:INFO:create_model(estimator=dummy, fold=StratifiedKFold(n_splits=10, random_state=None, shuffle=False), round=4, cross_validation=True, predict=True, fit_kwargs={}, groups=None, refit=False, verbose=False, system=False, metrics=None, experiment_custom_tags=None, add_to_model_list=True, probability_threshold=None, display=<pycaret.internal.Display.Display object at 0x7f21d9aef9a0>, return_train_score=False, kwargs={})
2022-05-15 11:02:19,108:INFO:Checking exceptions
2022-05-15 11:02:19,109:INFO:Importing libraries
2022-05-15 11:02:19,109:INFO:Copying training dataset
2022-05-15 11:02:19,109:INFO:Defining folds
2022-05-15 11:02:19,110:INFO:Declaring metric variables
2022-05-15 11:02:19,110:INFO:Importing untrained model
2022-05-15 11:02:19,110:INFO:Dummy Classifier Imported succesfully
2022-05-15 11:02:19,110:INFO:Starting cross validation
2022-05-15 11:02:19,110:INFO:Cross validating with StratifiedKFold(n_splits=10, random_state=None, shuffle=False), n_jobs=-1
2022-05-15 11:02:19,605:INFO:Calculating mean and std
2022-05-15 11:02:19,608:INFO:Creating metrics dataframe
2022-05-15 11:02:19,678:INFO:Uploading results into container
2022-05-15 11:02:19,682:INFO:Uploading model into container now
2022-05-15 11:02:19,683:INFO:create_model_container: 14
2022-05-15 11:02:19,683:INFO:master_model_container: 14
2022-05-15 11:02:19,683:INFO:display_container: 2
2022-05-15 11:02:19,683:INFO:DummyClassifier(constant=None, random_state=899, strategy='prior')
2022-05-15 11:02:19,683:INFO:create_model() succesfully completed......................................
2022-05-15 11:02:19,858:INFO:SubProcess create_model() end ==================================
2022-05-15 11:02:19,858:INFO:Creating metrics dataframe
2022-05-15 11:02:19,922:INFO:Initializing create_model()
2022-05-15 11:02:19,923:INFO:create_model(estimator=ExtraTreesClassifier(bootstrap=False, ccp_alpha=0.0, class_weight=None,
                     criterion='gini', max_depth=None, max_features='auto',
                     max_leaf_nodes=None, max_samples=None,
                     min_impurity_decrease=0.0, min_impurity_split=None,
                     min_samples_leaf=1, min_samples_split=2,
                     min_weight_fraction_leaf=0.0, n_estimators=100, n_jobs=-1,
                     oob_score=False, random_state=899, verbose=0,
                     warm_start=False), fold=StratifiedKFold(n_splits=10, random_state=None, shuffle=False), round=4, cross_validation=False, predict=False, fit_kwargs={}, groups=None, refit=True, verbose=False, system=False, metrics=None, experiment_custom_tags=None, add_to_model_list=True, probability_threshold=None, display=None, return_train_score=False, kwargs={})
2022-05-15 11:02:19,923:INFO:Checking exceptions
2022-05-15 11:02:19,923:INFO:Importing libraries
2022-05-15 11:02:19,924:INFO:Copying training dataset
2022-05-15 11:02:19,924:INFO:Defining folds
2022-05-15 11:02:19,925:INFO:Declaring metric variables
2022-05-15 11:02:19,925:INFO:Importing untrained model
2022-05-15 11:02:19,925:INFO:Declaring custom model
2022-05-15 11:02:19,933:INFO:Extra Trees Classifier Imported succesfully
2022-05-15 11:02:19,934:INFO:Cross validation set to False
2022-05-15 11:02:19,935:INFO:Fitting Model
2022-05-15 11:02:20,216:INFO:ExtraTreesClassifier(bootstrap=False, ccp_alpha=0.0, class_weight=None,
                     criterion='gini', max_depth=None, max_features='auto',
                     max_leaf_nodes=None, max_samples=None,
                     min_impurity_decrease=0.0, min_impurity_split=None,
                     min_samples_leaf=1, min_samples_split=2,
                     min_weight_fraction_leaf=0.0, n_estimators=100, n_jobs=-1,
                     oob_score=False, random_state=899, verbose=0,
                     warm_start=False)
2022-05-15 11:02:20,217:INFO:create_models() succesfully completed......................................
2022-05-15 11:02:20,375:INFO:create_model_container: 14
2022-05-15 11:02:20,375:INFO:master_model_container: 14
2022-05-15 11:02:20,375:INFO:display_container: 2
2022-05-15 11:02:20,378:INFO:ExtraTreesClassifier(bootstrap=False, ccp_alpha=0.0, class_weight=None,
                     criterion='gini', max_depth=None, max_features='auto',
                     max_leaf_nodes=None, max_samples=None,
                     min_impurity_decrease=0.0, min_impurity_split=None,
                     min_samples_leaf=1, min_samples_split=2,
                     min_weight_fraction_leaf=0.0, n_estimators=100, n_jobs=-1,
                     oob_score=False, random_state=899, verbose=0,
                     warm_start=False)
2022-05-15 11:02:20,378:INFO:compare_models() succesfully completed......................................
2022-05-15 11:30:11,324:INFO:PyCaret Supervised Module
2022-05-15 11:30:11,324:INFO:ML Usecase: classification
2022-05-15 11:30:11,324:INFO:version 2.3.10
2022-05-15 11:30:11,324:INFO:Initializing setup()
2022-05-15 11:30:11,324:INFO:setup(target=60, ml_usecase=classification, available_plots={'parameter': 'Hyperparameters', 'auc': 'AUC', 'confusion_matrix': 'Confusion Matrix', 'threshold': 'Threshold', 'pr': 'Precision Recall', 'error': 'Prediction Error', 'class_report': 'Class Report', 'rfe': 'Feature Selection', 'learning': 'Learning Curve', 'manifold': 'Manifold Learning', 'calibration': 'Calibration Curve', 'vc': 'Validation Curve', 'dimension': 'Dimensions', 'feature': 'Feature Importance', 'feature_all': 'Feature Importance (All)', 'boundary': 'Decision Boundary', 'lift': 'Lift Chart', 'gain': 'Gain Chart', 'tree': 'Decision Tree', 'ks': 'KS Statistic Plot'}, train_size=0.7, test_data=None, preprocess=True, imputation_type=simple, iterative_imputation_iters=5, categorical_features=None, categorical_imputation=constant, categorical_iterative_imputer=lightgbm, ordinal_features=None, high_cardinality_features=None, high_cardinality_method=frequency, numeric_features=None, numeric_imputation=mean, numeric_iterative_imputer=lightgbm, date_features=None, ignore_features=None, normalize=False, normalize_method=zscore, transformation=False, transformation_method=yeo-johnson, handle_unknown_categorical=True, unknown_categorical_method=least_frequent, pca=False, pca_method=linear, pca_components=None, ignore_low_variance=False, combine_rare_levels=False, rare_level_threshold=0.1, bin_numeric_features=None, remove_outliers=False, outliers_threshold=0.05, remove_multicollinearity=False, multicollinearity_threshold=0.9, remove_perfect_collinearity=True, create_clusters=False, cluster_iter=20, polynomial_features=False, polynomial_degree=2, trigonometry_features=False, polynomial_threshold=0.1, group_features=None, group_names=None, feature_selection=False, feature_selection_threshold=0.8, feature_selection_method=classic, feature_interaction=False, feature_ratio=False, interaction_threshold=0.01, fix_imbalance=False, fix_imbalance_method=None, transform_target=False, transform_target_method=box-cox, data_split_shuffle=True, data_split_stratify=False, fold_strategy=stratifiedkfold, fold=10, fold_shuffle=False, fold_groups=None, n_jobs=-1, use_gpu=False, custom_pipeline=None, html=False, session_id=None, log_experiment=False, experiment_name=None, experiment_custom_tags=None, log_plots=False, log_profile=False, log_data=False, silent=True, verbose=False, profile=False, profile_kwargs=None, display=None)
2022-05-15 11:30:11,324:INFO:Checking environment
2022-05-15 11:30:11,324:INFO:python_version: 3.9.12
2022-05-15 11:30:11,324:INFO:python_build: ('main', 'May 14 2022 22:31:37')
2022-05-15 11:30:11,324:INFO:machine: x86_64
2022-05-15 11:30:11,324:INFO:platform: Linux-5.17.7-arch1-1-x86_64-with-glibc2.35
2022-05-15 11:30:11,325:INFO:Memory: svmem(total=8337096704, available=5499645952, percent=34.0, used=2454204416, free=4378796032, active=574984192, inactive=3143430144, buffers=75554816, cached=1428541440, shared=127520768, slab=121335808)
2022-05-15 11:30:11,334:INFO:Physical Core: 1
2022-05-15 11:30:11,334:INFO:Logical Core: 1
2022-05-15 11:30:11,335:INFO:Checking libraries
2022-05-15 11:30:11,335:INFO:pd==1.4.2
2022-05-15 11:30:11,335:INFO:numpy==1.19.5
2022-05-15 11:30:11,335:INFO:sklearn==0.23.2
2022-05-15 11:30:11,335:INFO:lightgbm==3.3.2
2022-05-15 11:30:11,335:WARNING:catboost not found
2022-05-15 11:30:11,335:WARNING:xgboost not found
2022-05-15 11:30:11,335:INFO:mlflow==1.25.1
2022-05-15 11:30:11,335:INFO:Checking Exceptions
2022-05-15 11:30:11,336:INFO:Declaring global variables
2022-05-15 11:30:11,336:INFO:USI: ea3c
2022-05-15 11:30:11,336:INFO:pycaret_globals: {'create_model_container', '_internal_pipeline', 'display_container', 'fold_groups_param', 'pycaret_globals', 'fix_imbalance_param', 'fold_generator', 'imputation_classifier', 'y_train', 'USI', '_gpu_n_jobs_param', 'seed', '_ml_usecase', '_all_models', 'X_test', 'stratify_param', 'imputation_regressor', 'transform_target_param', 'n_jobs_param', 'X_train', 'y', '_all_models_internal', 'X', 'dashboard_logger', 'prep_pipe', 'y_test', '_available_plots', 'data_before_preprocess', 'fold_shuffle_param', 'transform_target_method_param', 'master_model_container', 'html_param', 'fold_groups_param_full', 'fix_imbalance_method_param', 'fold_param', '_all_metrics', 'logging_param', 'target_param', 'gpu_param', 'exp_name_log', 'experiment__', 'iterative_imputation_iters_param', 'log_plots_param'}
2022-05-15 11:30:11,336:INFO:Preparing display monitor
2022-05-15 11:30:11,336:INFO:Importing libraries
2022-05-15 11:30:11,336:INFO:Copying data for preprocessing
2022-05-15 11:30:11,338:INFO:Declaring preprocessing parameters
2022-05-15 11:30:11,340:INFO:Creating preprocessing pipeline
2022-05-15 11:30:11,420:INFO:Preprocessing pipeline created successfully
2022-05-15 11:30:11,424:ERROR:(Process Exit): setup has been interupted with user command 'quit'. setup must rerun.
2022-05-15 11:30:11,424:INFO:Creating global containers
2022-05-15 11:30:11,424:INFO:Internal pipeline: Pipeline(memory=None, steps=[('empty_step', 'passthrough')], verbose=False)
2022-05-15 11:30:12,007:WARNING:Couldn't import xgboost.XGBClassifier
2022-05-15 11:30:12,008:WARNING:Couldn't import catboost.CatBoostClassifier
2022-05-15 11:30:12,119:WARNING:Couldn't import xgboost.XGBClassifier
2022-05-15 11:30:12,119:WARNING:Couldn't import catboost.CatBoostClassifier
2022-05-15 11:30:12,120:INFO:Creating grid variables
2022-05-15 11:30:12,123:INFO:create_model_container: 0
2022-05-15 11:30:12,123:INFO:master_model_container: 0
2022-05-15 11:30:12,123:INFO:display_container: 1
2022-05-15 11:30:12,138:INFO:Pipeline(memory=None,
         steps=[('dtypes',
                 DataTypes_Auto_infer(categorical_features=[],
                                      display_types=False, features_todrop=[],
                                      id_columns=[],
                                      ml_usecase='classification',
                                      numerical_features=[], target='60',
                                      time_features=[])),
                ('imputer',
                 Simple_Imputer(categorical_strategy='not_available',
                                fill_value_categorical=None,
                                fill_value_numerical=None,
                                numeric_strategy...
                ('scaling', 'passthrough'), ('P_transform', 'passthrough'),
                ('binn', 'passthrough'), ('rem_outliers', 'passthrough'),
                ('cluster_all', 'passthrough'), ('dummy', Dummify(target='60')),
                ('fix_perfect', Remove_100(target='60')),
                ('clean_names', Clean_Colum_Names()),
                ('feature_select', 'passthrough'), ('fix_multi', 'passthrough'),
                ('dfs', 'passthrough'), ('pca', 'passthrough')],
         verbose=False)
2022-05-15 11:30:12,138:INFO:setup() succesfully completed......................................
2022-05-15 11:30:44,920:INFO:Initializing tune_model()
2022-05-15 11:30:44,928:INFO:tune_model(estimator=ExtraTreesClassifier(bootstrap=False, ccp_alpha=0.0, class_weight=None,
                     criterion='gini', max_depth=None, max_features='auto',
                     max_leaf_nodes=None, max_samples=None,
                     min_impurity_decrease=0.0, min_impurity_split=None,
                     min_samples_leaf=1, min_samples_split=2,
                     min_weight_fraction_leaf=0.0, n_estimators=100,
                     n_jobs=None, oob_score=False, random_state=None, verbose=0,
                     warm_start=False), fold=None, round=4, n_iter=200, custom_grid=None, optimize=Accuracy, custom_scorer=None, search_library=scikit-learn, search_algorithm=None, early_stopping=False, early_stopping_max_iters=10, choose_better=True, fit_kwargs=None, groups=None, return_tuner=False, verbose=True, tuner_verbose=True, display=None, return_train_score=False, kwargs={})
2022-05-15 11:30:44,933:INFO:Checking exceptions
2022-05-15 11:30:44,934:INFO:Preparing display monitor
2022-05-15 11:30:44,954:INFO:Copying training dataset
2022-05-15 11:30:44,955:INFO:Checking base model
2022-05-15 11:30:44,955:INFO:Base model : Extra Trees Classifier
2022-05-15 11:30:44,955:INFO:Declaring metric variables
2022-05-15 11:30:44,955:INFO:Defining Hyperparameters
2022-05-15 11:30:45,427:INFO:Tuning with n_jobs=-1
2022-05-15 11:30:45,427:INFO:Initializing RandomizedSearchCV
2022-05-15 11:39:04,611:INFO:PyCaret Supervised Module
2022-05-15 11:39:04,611:INFO:ML Usecase: classification
2022-05-15 11:39:04,611:INFO:version 2.3.10
2022-05-15 11:39:04,611:INFO:Initializing setup()
2022-05-15 11:39:04,611:INFO:setup(target=60, ml_usecase=classification, available_plots={'parameter': 'Hyperparameters', 'auc': 'AUC', 'confusion_matrix': 'Confusion Matrix', 'threshold': 'Threshold', 'pr': 'Precision Recall', 'error': 'Prediction Error', 'class_report': 'Class Report', 'rfe': 'Feature Selection', 'learning': 'Learning Curve', 'manifold': 'Manifold Learning', 'calibration': 'Calibration Curve', 'vc': 'Validation Curve', 'dimension': 'Dimensions', 'feature': 'Feature Importance', 'feature_all': 'Feature Importance (All)', 'boundary': 'Decision Boundary', 'lift': 'Lift Chart', 'gain': 'Gain Chart', 'tree': 'Decision Tree', 'ks': 'KS Statistic Plot'}, train_size=0.7, test_data=None, preprocess=True, imputation_type=simple, iterative_imputation_iters=5, categorical_features=None, categorical_imputation=constant, categorical_iterative_imputer=lightgbm, ordinal_features=None, high_cardinality_features=None, high_cardinality_method=frequency, numeric_features=None, numeric_imputation=mean, numeric_iterative_imputer=lightgbm, date_features=None, ignore_features=None, normalize=False, normalize_method=zscore, transformation=False, transformation_method=yeo-johnson, handle_unknown_categorical=True, unknown_categorical_method=least_frequent, pca=False, pca_method=linear, pca_components=None, ignore_low_variance=False, combine_rare_levels=False, rare_level_threshold=0.1, bin_numeric_features=None, remove_outliers=False, outliers_threshold=0.05, remove_multicollinearity=False, multicollinearity_threshold=0.9, remove_perfect_collinearity=True, create_clusters=False, cluster_iter=20, polynomial_features=False, polynomial_degree=2, trigonometry_features=False, polynomial_threshold=0.1, group_features=None, group_names=None, feature_selection=False, feature_selection_threshold=0.8, feature_selection_method=classic, feature_interaction=False, feature_ratio=False, interaction_threshold=0.01, fix_imbalance=False, fix_imbalance_method=None, transform_target=False, transform_target_method=box-cox, data_split_shuffle=True, data_split_stratify=False, fold_strategy=stratifiedkfold, fold=10, fold_shuffle=False, fold_groups=None, n_jobs=-1, use_gpu=False, custom_pipeline=None, html=False, session_id=None, log_experiment=False, experiment_name=None, experiment_custom_tags=None, log_plots=False, log_profile=False, log_data=False, silent=True, verbose=False, profile=False, profile_kwargs=None, display=None)
2022-05-15 11:39:04,612:INFO:Checking environment
2022-05-15 11:39:04,612:INFO:python_version: 3.9.12
2022-05-15 11:39:04,612:INFO:python_build: ('main', 'May 14 2022 22:31:37')
2022-05-15 11:39:04,612:INFO:machine: x86_64
2022-05-15 11:39:04,612:INFO:platform: Linux-5.17.7-arch1-1-x86_64-with-glibc2.35
2022-05-15 11:39:04,612:INFO:Memory: svmem(total=8337096704, available=5543985152, percent=33.5, used=2420142080, free=4406673408, active=642482176, inactive=3056254976, buffers=77119488, cached=1433161728, shared=117088256, slab=120340480)
2022-05-15 11:39:04,613:INFO:Physical Core: 1
2022-05-15 11:39:04,613:INFO:Logical Core: 1
2022-05-15 11:39:04,613:INFO:Checking libraries
2022-05-15 11:39:04,613:INFO:pd==1.4.2
2022-05-15 11:39:04,613:INFO:numpy==1.19.5
2022-05-15 11:39:04,613:INFO:sklearn==0.23.2
2022-05-15 11:39:04,613:INFO:lightgbm==3.3.2
2022-05-15 11:39:04,613:WARNING:catboost not found
2022-05-15 11:39:04,613:WARNING:xgboost not found
2022-05-15 11:39:04,613:INFO:mlflow==1.25.1
2022-05-15 11:39:04,613:INFO:Checking Exceptions
2022-05-15 11:39:04,613:INFO:Declaring global variables
2022-05-15 11:39:04,613:INFO:USI: c62d
2022-05-15 11:39:04,613:INFO:pycaret_globals: {'X_train', 'seed', 'fold_groups_param_full', 'n_jobs_param', '_all_models_internal', 'data_before_preprocess', 'fix_imbalance_param', 'master_model_container', 'stratify_param', 'experiment__', 'y', 'fold_generator', 'X_test', 'imputation_classifier', '_all_metrics', '_available_plots', 'target_param', '_ml_usecase', 'exp_name_log', 'fold_shuffle_param', 'USI', 'y_test', 'imputation_regressor', 'pycaret_globals', 'iterative_imputation_iters_param', 'transform_target_param', '_gpu_n_jobs_param', 'logging_param', 'display_container', 'create_model_container', 'y_train', 'transform_target_method_param', 'X', 'gpu_param', '_internal_pipeline', 'log_plots_param', 'fix_imbalance_method_param', 'html_param', '_all_models', 'prep_pipe', 'dashboard_logger', 'fold_param', 'fold_groups_param'}
2022-05-15 11:39:04,613:INFO:Preparing display monitor
2022-05-15 11:39:04,613:INFO:Importing libraries
2022-05-15 11:39:04,614:INFO:Copying data for preprocessing
2022-05-15 11:39:04,614:INFO:Declaring preprocessing parameters
2022-05-15 11:39:04,615:INFO:Creating preprocessing pipeline
2022-05-15 11:39:04,632:INFO:Preprocessing pipeline created successfully
2022-05-15 11:39:04,632:ERROR:(Process Exit): setup has been interupted with user command 'quit'. setup must rerun.
2022-05-15 11:39:04,633:INFO:Creating global containers
2022-05-15 11:39:04,633:INFO:Internal pipeline: Pipeline(memory=None, steps=[('empty_step', 'passthrough')], verbose=False)
2022-05-15 11:39:05,203:WARNING:Couldn't import xgboost.XGBClassifier
2022-05-15 11:39:05,203:WARNING:Couldn't import catboost.CatBoostClassifier
2022-05-15 11:39:05,300:WARNING:Couldn't import xgboost.XGBClassifier
2022-05-15 11:39:05,303:WARNING:Couldn't import catboost.CatBoostClassifier
2022-05-15 11:39:05,303:INFO:Creating grid variables
2022-05-15 11:39:05,311:INFO:create_model_container: 0
2022-05-15 11:39:05,316:INFO:master_model_container: 0
2022-05-15 11:39:05,316:INFO:display_container: 1
2022-05-15 11:39:05,329:INFO:Pipeline(memory=None,
         steps=[('dtypes',
                 DataTypes_Auto_infer(categorical_features=[],
                                      display_types=False, features_todrop=[],
                                      id_columns=[],
                                      ml_usecase='classification',
                                      numerical_features=[], target='60',
                                      time_features=[])),
                ('imputer',
                 Simple_Imputer(categorical_strategy='not_available',
                                fill_value_categorical=None,
                                fill_value_numerical=None,
                                numeric_strategy...
                ('scaling', 'passthrough'), ('P_transform', 'passthrough'),
                ('binn', 'passthrough'), ('rem_outliers', 'passthrough'),
                ('cluster_all', 'passthrough'), ('dummy', Dummify(target='60')),
                ('fix_perfect', Remove_100(target='60')),
                ('clean_names', Clean_Colum_Names()),
                ('feature_select', 'passthrough'), ('fix_multi', 'passthrough'),
                ('dfs', 'passthrough'), ('pca', 'passthrough')],
         verbose=False)
2022-05-15 11:39:05,330:INFO:setup() succesfully completed......................................
2022-05-15 11:39:08,000:INFO:Initializing tune_model()
2022-05-15 11:39:08,014:INFO:tune_model(estimator=ExtraTreesClassifier(bootstrap=False, ccp_alpha=0.0, class_weight=None,
                     criterion='gini', max_depth=None, max_features='auto',
                     max_leaf_nodes=None, max_samples=None,
                     min_impurity_decrease=0.0, min_impurity_split=None,
                     min_samples_leaf=1, min_samples_split=2,
                     min_weight_fraction_leaf=0.0, n_estimators=100,
                     n_jobs=None, oob_score=False, random_state=None, verbose=0,
                     warm_start=False), fold=None, round=4, n_iter=200, custom_grid=None, optimize=Accuracy, custom_scorer=None, search_library=scikit-learn, search_algorithm=None, early_stopping=False, early_stopping_max_iters=10, choose_better=True, fit_kwargs=None, groups=None, return_tuner=False, verbose=True, tuner_verbose=True, display=None, return_train_score=False, kwargs={})
2022-05-15 11:39:08,015:INFO:Checking exceptions
2022-05-15 11:39:08,017:INFO:Preparing display monitor
2022-05-15 11:39:08,021:INFO:Copying training dataset
2022-05-15 11:39:08,023:INFO:Checking base model
2022-05-15 11:39:08,026:INFO:Base model : Extra Trees Classifier
2022-05-15 11:39:08,030:INFO:Declaring metric variables
2022-05-15 11:39:08,030:INFO:Defining Hyperparameters
2022-05-15 11:39:08,301:INFO:Tuning with n_jobs=-1
2022-05-15 11:39:08,301:INFO:Initializing RandomizedSearchCV
2022-05-15 11:48:21,146:INFO:best_params: {'actual_estimator__n_estimators': 70, 'actual_estimator__min_samples_split': 5, 'actual_estimator__min_samples_leaf': 2, 'actual_estimator__min_impurity_decrease': 0.002, 'actual_estimator__max_features': 'sqrt', 'actual_estimator__max_depth': 10, 'actual_estimator__criterion': 'gini', 'actual_estimator__class_weight': 'balanced', 'actual_estimator__bootstrap': False}
2022-05-15 11:48:21,146:INFO:Hyperparameter search completed
2022-05-15 11:48:21,146:INFO:SubProcess create_model() called ==================================
2022-05-15 11:48:21,147:INFO:Initializing create_model()
2022-05-15 11:48:21,147:INFO:create_model(estimator=ExtraTreesClassifier(bootstrap=False, ccp_alpha=0.0, class_weight=None,
                     criterion='gini', max_depth=None, max_features='auto',
                     max_leaf_nodes=None, max_samples=None,
                     min_impurity_decrease=0.0, min_impurity_split=None,
                     min_samples_leaf=1, min_samples_split=2,
                     min_weight_fraction_leaf=0.0, n_estimators=100,
                     n_jobs=None, oob_score=False, random_state=None, verbose=0,
                     warm_start=False), fold=StratifiedKFold(n_splits=10, random_state=None, shuffle=False), round=4, cross_validation=True, predict=True, fit_kwargs={}, groups=None, refit=True, verbose=True, system=False, metrics=None, experiment_custom_tags=None, add_to_model_list=True, probability_threshold=None, display=<pycaret.internal.Display.Display object at 0x7f90197d3640>, return_train_score=False, kwargs={'n_estimators': 70, 'min_samples_split': 5, 'min_samples_leaf': 2, 'min_impurity_decrease': 0.002, 'max_features': 'sqrt', 'max_depth': 10, 'criterion': 'gini', 'class_weight': 'balanced', 'bootstrap': False})
2022-05-15 11:48:21,147:INFO:Checking exceptions
2022-05-15 11:48:21,147:INFO:Importing libraries
2022-05-15 11:48:21,147:INFO:Copying training dataset
2022-05-15 11:48:21,147:INFO:Defining folds
2022-05-15 11:48:21,147:INFO:Declaring metric variables
2022-05-15 11:48:21,147:INFO:Importing untrained model
2022-05-15 11:48:21,147:INFO:Declaring custom model
2022-05-15 11:48:21,148:INFO:Extra Trees Classifier Imported succesfully
2022-05-15 11:48:21,148:INFO:Starting cross validation
2022-05-15 11:48:21,148:INFO:Cross validating with StratifiedKFold(n_splits=10, random_state=None, shuffle=False), n_jobs=-1
2022-05-15 11:48:22,145:INFO:Calculating mean and std
2022-05-15 11:48:22,146:INFO:Creating metrics dataframe
2022-05-15 11:48:22,147:INFO:Finalizing model
2022-05-15 11:48:22,245:INFO:Uploading results into container
2022-05-15 11:48:22,245:INFO:Uploading model into container now
2022-05-15 11:48:22,245:INFO:create_model_container: 1
2022-05-15 11:48:22,245:INFO:master_model_container: 1
2022-05-15 11:48:22,245:INFO:display_container: 2
2022-05-15 11:48:22,246:INFO:ExtraTreesClassifier(bootstrap=False, ccp_alpha=0.0, class_weight='balanced',
                     criterion='gini', max_depth=10, max_features='sqrt',
                     max_leaf_nodes=None, max_samples=None,
                     min_impurity_decrease=0.002, min_impurity_split=None,
                     min_samples_leaf=2, min_samples_split=5,
                     min_weight_fraction_leaf=0.0, n_estimators=70, n_jobs=None,
                     oob_score=False, random_state=None, verbose=0,
                     warm_start=False)
2022-05-15 11:48:22,246:INFO:create_model() succesfully completed......................................
2022-05-15 11:48:22,398:INFO:SubProcess create_model() end ==================================
2022-05-15 11:48:22,398:INFO:choose_better activated
2022-05-15 11:48:22,398:INFO:SubProcess create_model() called ==================================
2022-05-15 11:48:22,399:INFO:Initializing create_model()
2022-05-15 11:48:22,399:INFO:create_model(estimator=ExtraTreesClassifier(bootstrap=False, ccp_alpha=0.0, class_weight=None,
                     criterion='gini', max_depth=None, max_features='auto',
                     max_leaf_nodes=None, max_samples=None,
                     min_impurity_decrease=0.0, min_impurity_split=None,
                     min_samples_leaf=1, min_samples_split=2,
                     min_weight_fraction_leaf=0.0, n_estimators=100,
                     n_jobs=None, oob_score=False, random_state=None, verbose=0,
                     warm_start=False), fold=StratifiedKFold(n_splits=10, random_state=None, shuffle=False), round=4, cross_validation=True, predict=True, fit_kwargs={}, groups=None, refit=True, verbose=False, system=False, metrics=None, experiment_custom_tags=None, add_to_model_list=True, probability_threshold=None, display=None, return_train_score=False, kwargs={})
2022-05-15 11:48:22,399:INFO:Checking exceptions
2022-05-15 11:48:22,399:INFO:Importing libraries
2022-05-15 11:48:22,399:INFO:Copying training dataset
2022-05-15 11:48:22,399:INFO:Defining folds
2022-05-15 11:48:22,400:INFO:Declaring metric variables
2022-05-15 11:48:22,400:INFO:Importing untrained model
2022-05-15 11:48:22,400:INFO:Declaring custom model
2022-05-15 11:48:22,400:INFO:Extra Trees Classifier Imported succesfully
2022-05-15 11:48:22,400:INFO:Starting cross validation
2022-05-15 11:48:22,401:INFO:Cross validating with StratifiedKFold(n_splits=10, random_state=None, shuffle=False), n_jobs=-1
2022-05-15 11:48:23,849:INFO:Calculating mean and std
2022-05-15 11:48:23,850:INFO:Creating metrics dataframe
2022-05-15 11:48:23,852:INFO:Finalizing model
2022-05-15 11:48:24,139:INFO:Uploading results into container
2022-05-15 11:48:24,140:INFO:Uploading model into container now
2022-05-15 11:48:24,140:INFO:create_model_container: 2
2022-05-15 11:48:24,140:INFO:master_model_container: 2
2022-05-15 11:48:24,140:INFO:display_container: 3
2022-05-15 11:48:24,142:INFO:ExtraTreesClassifier(bootstrap=False, ccp_alpha=0.0, class_weight=None,
                     criterion='gini', max_depth=None, max_features='auto',
                     max_leaf_nodes=None, max_samples=None,
                     min_impurity_decrease=0.0, min_impurity_split=None,
                     min_samples_leaf=1, min_samples_split=2,
                     min_weight_fraction_leaf=0.0, n_estimators=100,
                     n_jobs=None, oob_score=False, random_state=None, verbose=0,
                     warm_start=False)
2022-05-15 11:48:24,143:INFO:create_model() succesfully completed......................................
2022-05-15 11:48:24,521:INFO:SubProcess create_model() end ==================================
2022-05-15 11:48:24,521:INFO:ExtraTreesClassifier(bootstrap=False, ccp_alpha=0.0, class_weight=None,
                     criterion='gini', max_depth=None, max_features='auto',
                     max_leaf_nodes=None, max_samples=None,
                     min_impurity_decrease=0.0, min_impurity_split=None,
                     min_samples_leaf=1, min_samples_split=2,
                     min_weight_fraction_leaf=0.0, n_estimators=100,
                     n_jobs=None, oob_score=False, random_state=None, verbose=0,
                     warm_start=False) result for Accuracy is 0.8752
2022-05-15 11:48:24,524:INFO:ExtraTreesClassifier(bootstrap=False, ccp_alpha=0.0, class_weight='balanced',
                     criterion='gini', max_depth=10, max_features='sqrt',
                     max_leaf_nodes=None, max_samples=None,
                     min_impurity_decrease=0.002, min_impurity_split=None,
                     min_samples_leaf=2, min_samples_split=5,
                     min_weight_fraction_leaf=0.0, n_estimators=70, n_jobs=None,
                     oob_score=False, random_state=None, verbose=0,
                     warm_start=False) result for Accuracy is 0.8362
2022-05-15 11:48:24,524:INFO:ExtraTreesClassifier(bootstrap=False, ccp_alpha=0.0, class_weight=None,
                     criterion='gini', max_depth=None, max_features='auto',
                     max_leaf_nodes=None, max_samples=None,
                     min_impurity_decrease=0.0, min_impurity_split=None,
                     min_samples_leaf=1, min_samples_split=2,
                     min_weight_fraction_leaf=0.0, n_estimators=100,
                     n_jobs=None, oob_score=False, random_state=None, verbose=0,
                     warm_start=False) is best model
2022-05-15 11:48:24,525:INFO:choose_better completed
2022-05-15 11:48:24,611:INFO:create_model_container: 2
2022-05-15 11:48:24,612:INFO:master_model_container: 2
2022-05-15 11:48:24,612:INFO:display_container: 2
2022-05-15 11:48:24,613:INFO:ExtraTreesClassifier(bootstrap=False, ccp_alpha=0.0, class_weight=None,
                     criterion='gini', max_depth=None, max_features='auto',
                     max_leaf_nodes=None, max_samples=None,
                     min_impurity_decrease=0.0, min_impurity_split=None,
                     min_samples_leaf=1, min_samples_split=2,
                     min_weight_fraction_leaf=0.0, n_estimators=100,
                     n_jobs=None, oob_score=False, random_state=None, verbose=0,
                     warm_start=False)
2022-05-15 11:48:24,617:INFO:tune_model() succesfully completed......................................
2022-05-15 11:59:30,202:INFO:PyCaret Supervised Module
2022-05-15 11:59:30,203:INFO:ML Usecase: classification
2022-05-15 11:59:30,203:INFO:version 2.3.10
2022-05-15 11:59:30,204:INFO:Initializing setup()
2022-05-15 11:59:30,204:INFO:setup(target=60, ml_usecase=classification, available_plots={'parameter': 'Hyperparameters', 'auc': 'AUC', 'confusion_matrix': 'Confusion Matrix', 'threshold': 'Threshold', 'pr': 'Precision Recall', 'error': 'Prediction Error', 'class_report': 'Class Report', 'rfe': 'Feature Selection', 'learning': 'Learning Curve', 'manifold': 'Manifold Learning', 'calibration': 'Calibration Curve', 'vc': 'Validation Curve', 'dimension': 'Dimensions', 'feature': 'Feature Importance', 'feature_all': 'Feature Importance (All)', 'boundary': 'Decision Boundary', 'lift': 'Lift Chart', 'gain': 'Gain Chart', 'tree': 'Decision Tree', 'ks': 'KS Statistic Plot'}, train_size=0.7, test_data=None, preprocess=True, imputation_type=simple, iterative_imputation_iters=5, categorical_features=None, categorical_imputation=constant, categorical_iterative_imputer=lightgbm, ordinal_features=None, high_cardinality_features=None, high_cardinality_method=frequency, numeric_features=None, numeric_imputation=mean, numeric_iterative_imputer=lightgbm, date_features=None, ignore_features=None, normalize=False, normalize_method=zscore, transformation=False, transformation_method=yeo-johnson, handle_unknown_categorical=True, unknown_categorical_method=least_frequent, pca=False, pca_method=linear, pca_components=None, ignore_low_variance=False, combine_rare_levels=False, rare_level_threshold=0.1, bin_numeric_features=None, remove_outliers=False, outliers_threshold=0.05, remove_multicollinearity=False, multicollinearity_threshold=0.9, remove_perfect_collinearity=True, create_clusters=False, cluster_iter=20, polynomial_features=False, polynomial_degree=2, trigonometry_features=False, polynomial_threshold=0.1, group_features=None, group_names=None, feature_selection=False, feature_selection_threshold=0.8, feature_selection_method=classic, feature_interaction=False, feature_ratio=False, interaction_threshold=0.01, fix_imbalance=False, fix_imbalance_method=None, transform_target=False, transform_target_method=box-cox, data_split_shuffle=True, data_split_stratify=False, fold_strategy=stratifiedkfold, fold=10, fold_shuffle=False, fold_groups=None, n_jobs=-1, use_gpu=False, custom_pipeline=None, html=False, session_id=None, log_experiment=False, experiment_name=None, experiment_custom_tags=None, log_plots=False, log_profile=False, log_data=False, silent=True, verbose=False, profile=False, profile_kwargs=None, display=None)
2022-05-15 11:59:30,204:INFO:Checking environment
2022-05-15 11:59:30,204:INFO:python_version: 3.9.12
2022-05-15 11:59:30,207:INFO:python_build: ('main', 'May 14 2022 22:31:37')
2022-05-15 11:59:30,207:INFO:machine: x86_64
2022-05-15 11:59:30,207:INFO:platform: Linux-5.17.7-arch1-1-x86_64-with-glibc2.35
2022-05-15 11:59:30,217:INFO:Memory: svmem(total=8337096704, available=5147865088, percent=38.3, used=2809716736, free=3978604544, active=663121920, inactive=3452772352, buffers=81444864, cached=1467330560, shared=123629568, slab=124600320)
2022-05-15 11:59:30,218:INFO:Physical Core: 1
2022-05-15 11:59:30,221:INFO:Logical Core: 1
2022-05-15 11:59:30,222:INFO:Checking libraries
2022-05-15 11:59:30,222:INFO:pd==1.4.2
2022-05-15 11:59:30,222:INFO:numpy==1.19.5
2022-05-15 11:59:30,222:INFO:sklearn==0.23.2
2022-05-15 11:59:30,222:INFO:lightgbm==3.3.2
2022-05-15 11:59:30,223:WARNING:catboost not found
2022-05-15 11:59:30,223:WARNING:xgboost not found
2022-05-15 11:59:30,223:INFO:mlflow==1.25.1
2022-05-15 11:59:30,224:INFO:Checking Exceptions
2022-05-15 11:59:30,224:INFO:Declaring global variables
2022-05-15 11:59:30,224:INFO:USI: 37fd
2022-05-15 11:59:30,224:INFO:pycaret_globals: {'y_test', 'stratify_param', 'master_model_container', 'iterative_imputation_iters_param', 'logging_param', 'fold_generator', 'display_container', 'fold_groups_param_full', 'experiment__', 'log_plots_param', '_internal_pipeline', 'data_before_preprocess', 'seed', '_ml_usecase', '_gpu_n_jobs_param', 'gpu_param', 'transform_target_param', '_all_models_internal', 'fix_imbalance_param', 'pycaret_globals', 'y', 'dashboard_logger', 'fold_param', 'fold_groups_param', '_all_models', '_all_metrics', 'imputation_regressor', 'html_param', '_available_plots', 'exp_name_log', 'prep_pipe', 'n_jobs_param', 'y_train', 'X_test', 'transform_target_method_param', 'USI', 'target_param', 'create_model_container', 'fold_shuffle_param', 'X', 'imputation_classifier', 'X_train', 'fix_imbalance_method_param'}
2022-05-15 11:59:30,228:INFO:Preparing display monitor
2022-05-15 11:59:30,229:INFO:Importing libraries
2022-05-15 11:59:30,231:INFO:Copying data for preprocessing
2022-05-15 11:59:30,231:INFO:Declaring preprocessing parameters
2022-05-15 11:59:30,233:INFO:Creating preprocessing pipeline
2022-05-15 11:59:30,290:INFO:Preprocessing pipeline created successfully
2022-05-15 11:59:30,295:ERROR:(Process Exit): setup has been interupted with user command 'quit'. setup must rerun.
2022-05-15 11:59:30,295:INFO:Creating global containers
2022-05-15 11:59:30,297:INFO:Internal pipeline: Pipeline(memory=None, steps=[('empty_step', 'passthrough')], verbose=False)
2022-05-15 11:59:32,008:WARNING:Couldn't import xgboost.XGBClassifier
2022-05-15 11:59:32,014:WARNING:Couldn't import catboost.CatBoostClassifier
2022-05-15 11:59:32,121:WARNING:Couldn't import xgboost.XGBClassifier
2022-05-15 11:59:32,122:WARNING:Couldn't import catboost.CatBoostClassifier
2022-05-15 11:59:32,122:INFO:Creating grid variables
2022-05-15 11:59:32,128:INFO:create_model_container: 0
2022-05-15 11:59:32,128:INFO:master_model_container: 0
2022-05-15 11:59:32,128:INFO:display_container: 1
2022-05-15 11:59:32,158:INFO:Pipeline(memory=None,
         steps=[('dtypes',
                 DataTypes_Auto_infer(categorical_features=[],
                                      display_types=False, features_todrop=[],
                                      id_columns=[],
                                      ml_usecase='classification',
                                      numerical_features=[], target='60',
                                      time_features=[])),
                ('imputer',
                 Simple_Imputer(categorical_strategy='not_available',
                                fill_value_categorical=None,
                                fill_value_numerical=None,
                                numeric_strategy...
                ('scaling', 'passthrough'), ('P_transform', 'passthrough'),
                ('binn', 'passthrough'), ('rem_outliers', 'passthrough'),
                ('cluster_all', 'passthrough'), ('dummy', Dummify(target='60')),
                ('fix_perfect', Remove_100(target='60')),
                ('clean_names', Clean_Colum_Names()),
                ('feature_select', 'passthrough'), ('fix_multi', 'passthrough'),
                ('dfs', 'passthrough'), ('pca', 'passthrough')],
         verbose=False)
2022-05-15 11:59:32,158:INFO:setup() succesfully completed......................................
2022-05-15 11:59:35,178:INFO:Initializing tune_model()
2022-05-15 11:59:35,180:INFO:tune_model(estimator=ExtraTreesClassifier(bootstrap=False, ccp_alpha=0.0, class_weight=None,
                     criterion='gini', max_depth=None, max_features='auto',
                     max_leaf_nodes=None, max_samples=None,
                     min_impurity_decrease=0.0, min_impurity_split=None,
                     min_samples_leaf=1, min_samples_split=2,
                     min_weight_fraction_leaf=0.0, n_estimators=100,
                     n_jobs=None, oob_score=False, random_state=None, verbose=0,
                     warm_start=False), fold=None, round=4, n_iter=200, custom_grid=None, optimize=Accuracy, custom_scorer=None, search_library=scikit-learn, search_algorithm=None, early_stopping=False, early_stopping_max_iters=10, choose_better=True, fit_kwargs=None, groups=None, return_tuner=False, verbose=True, tuner_verbose=True, display=None, return_train_score=False, kwargs={})
2022-05-15 11:59:35,181:INFO:Checking exceptions
2022-05-15 11:59:35,182:INFO:Preparing display monitor
2022-05-15 11:59:35,196:INFO:Copying training dataset
2022-05-15 11:59:35,197:INFO:Checking base model
2022-05-15 11:59:35,197:INFO:Base model : Extra Trees Classifier
2022-05-15 11:59:35,199:INFO:Declaring metric variables
2022-05-15 11:59:35,199:INFO:Defining Hyperparameters
2022-05-15 11:59:35,561:INFO:Tuning with n_jobs=-1
2022-05-15 11:59:35,564:INFO:Initializing RandomizedSearchCV
2022-05-15 12:10:42,921:INFO:best_params: {'actual_estimator__n_estimators': 120, 'actual_estimator__min_samples_split': 2, 'actual_estimator__min_samples_leaf': 4, 'actual_estimator__min_impurity_decrease': 0.001, 'actual_estimator__max_features': 1.0, 'actual_estimator__max_depth': 6, 'actual_estimator__criterion': 'entropy', 'actual_estimator__class_weight': {}, 'actual_estimator__bootstrap': False}
2022-05-15 12:10:42,921:INFO:Hyperparameter search completed
2022-05-15 12:10:42,921:INFO:SubProcess create_model() called ==================================
2022-05-15 12:10:42,922:INFO:Initializing create_model()
2022-05-15 12:10:42,922:INFO:create_model(estimator=ExtraTreesClassifier(bootstrap=False, ccp_alpha=0.0, class_weight=None,
                     criterion='gini', max_depth=None, max_features='auto',
                     max_leaf_nodes=None, max_samples=None,
                     min_impurity_decrease=0.0, min_impurity_split=None,
                     min_samples_leaf=1, min_samples_split=2,
                     min_weight_fraction_leaf=0.0, n_estimators=100,
                     n_jobs=None, oob_score=False, random_state=None, verbose=0,
                     warm_start=False), fold=StratifiedKFold(n_splits=10, random_state=None, shuffle=False), round=4, cross_validation=True, predict=True, fit_kwargs={}, groups=None, refit=True, verbose=True, system=False, metrics=None, experiment_custom_tags=None, add_to_model_list=True, probability_threshold=None, display=<pycaret.internal.Display.Display object at 0x7fd5bc5fa580>, return_train_score=False, kwargs={'n_estimators': 120, 'min_samples_split': 2, 'min_samples_leaf': 4, 'min_impurity_decrease': 0.001, 'max_features': 1.0, 'max_depth': 6, 'criterion': 'entropy', 'class_weight': {}, 'bootstrap': False})
2022-05-15 12:10:42,922:INFO:Checking exceptions
2022-05-15 12:10:42,922:INFO:Importing libraries
2022-05-15 12:10:42,922:INFO:Copying training dataset
2022-05-15 12:10:42,923:INFO:Defining folds
2022-05-15 12:10:42,923:INFO:Declaring metric variables
2022-05-15 12:10:42,923:INFO:Importing untrained model
2022-05-15 12:10:42,923:INFO:Declaring custom model
2022-05-15 12:10:42,924:INFO:Extra Trees Classifier Imported succesfully
2022-05-15 12:10:42,924:INFO:Starting cross validation
2022-05-15 12:10:42,924:INFO:Cross validating with StratifiedKFold(n_splits=10, random_state=None, shuffle=False), n_jobs=-1
2022-05-15 12:10:46,840:INFO:Calculating mean and std
2022-05-15 12:10:46,841:INFO:Creating metrics dataframe
2022-05-15 12:10:46,843:INFO:Finalizing model
2022-05-15 12:10:47,207:INFO:Uploading results into container
2022-05-15 12:10:47,207:INFO:Uploading model into container now
2022-05-15 12:10:47,207:INFO:create_model_container: 1
2022-05-15 12:10:47,207:INFO:master_model_container: 1
2022-05-15 12:10:47,207:INFO:display_container: 2
2022-05-15 12:10:47,208:INFO:ExtraTreesClassifier(bootstrap=False, ccp_alpha=0.0, class_weight={},
                     criterion='entropy', max_depth=6, max_features=1.0,
                     max_leaf_nodes=None, max_samples=None,
                     min_impurity_decrease=0.001, min_impurity_split=None,
                     min_samples_leaf=4, min_samples_split=2,
                     min_weight_fraction_leaf=0.0, n_estimators=120,
                     n_jobs=None, oob_score=False, random_state=None, verbose=0,
                     warm_start=False)
2022-05-15 12:10:47,208:INFO:create_model() succesfully completed......................................
2022-05-15 12:10:47,356:INFO:SubProcess create_model() end ==================================
2022-05-15 12:10:47,357:INFO:choose_better activated
2022-05-15 12:10:47,357:INFO:SubProcess create_model() called ==================================
2022-05-15 12:10:47,357:INFO:Initializing create_model()
2022-05-15 12:10:47,357:INFO:create_model(estimator=ExtraTreesClassifier(bootstrap=False, ccp_alpha=0.0, class_weight=None,
                     criterion='gini', max_depth=None, max_features='auto',
                     max_leaf_nodes=None, max_samples=None,
                     min_impurity_decrease=0.0, min_impurity_split=None,
                     min_samples_leaf=1, min_samples_split=2,
                     min_weight_fraction_leaf=0.0, n_estimators=100,
                     n_jobs=None, oob_score=False, random_state=None, verbose=0,
                     warm_start=False), fold=StratifiedKFold(n_splits=10, random_state=None, shuffle=False), round=4, cross_validation=True, predict=True, fit_kwargs={}, groups=None, refit=True, verbose=False, system=False, metrics=None, experiment_custom_tags=None, add_to_model_list=True, probability_threshold=None, display=None, return_train_score=False, kwargs={})
2022-05-15 12:10:47,357:INFO:Checking exceptions
2022-05-15 12:10:47,357:INFO:Importing libraries
2022-05-15 12:10:47,357:INFO:Copying training dataset
2022-05-15 12:10:47,358:INFO:Defining folds
2022-05-15 12:10:47,358:INFO:Declaring metric variables
2022-05-15 12:10:47,358:INFO:Importing untrained model
2022-05-15 12:10:47,358:INFO:Declaring custom model
2022-05-15 12:10:47,359:INFO:Extra Trees Classifier Imported succesfully
2022-05-15 12:10:47,359:INFO:Starting cross validation
2022-05-15 12:10:47,359:INFO:Cross validating with StratifiedKFold(n_splits=10, random_state=None, shuffle=False), n_jobs=-1
2022-05-15 12:10:49,574:INFO:Calculating mean and std
2022-05-15 12:10:49,575:INFO:Creating metrics dataframe
2022-05-15 12:10:49,587:INFO:Finalizing model
2022-05-15 12:10:49,823:INFO:Uploading results into container
2022-05-15 12:10:49,823:INFO:Uploading model into container now
2022-05-15 12:10:49,823:INFO:create_model_container: 2
2022-05-15 12:10:49,823:INFO:master_model_container: 2
2022-05-15 12:10:49,823:INFO:display_container: 3
2022-05-15 12:10:49,824:INFO:ExtraTreesClassifier(bootstrap=False, ccp_alpha=0.0, class_weight=None,
                     criterion='gini', max_depth=None, max_features='auto',
                     max_leaf_nodes=None, max_samples=None,
                     min_impurity_decrease=0.0, min_impurity_split=None,
                     min_samples_leaf=1, min_samples_split=2,
                     min_weight_fraction_leaf=0.0, n_estimators=100,
                     n_jobs=None, oob_score=False, random_state=None, verbose=0,
                     warm_start=False)
2022-05-15 12:10:49,824:INFO:create_model() succesfully completed......................................
2022-05-15 12:10:49,960:INFO:SubProcess create_model() end ==================================
2022-05-15 12:10:49,961:INFO:ExtraTreesClassifier(bootstrap=False, ccp_alpha=0.0, class_weight=None,
                     criterion='gini', max_depth=None, max_features='auto',
                     max_leaf_nodes=None, max_samples=None,
                     min_impurity_decrease=0.0, min_impurity_split=None,
                     min_samples_leaf=1, min_samples_split=2,
                     min_weight_fraction_leaf=0.0, n_estimators=100,
                     n_jobs=None, oob_score=False, random_state=None, verbose=0,
                     warm_start=False) result for Accuracy is 0.8205
2022-05-15 12:10:49,967:INFO:ExtraTreesClassifier(bootstrap=False, ccp_alpha=0.0, class_weight={},
                     criterion='entropy', max_depth=6, max_features=1.0,
                     max_leaf_nodes=None, max_samples=None,
                     min_impurity_decrease=0.001, min_impurity_split=None,
                     min_samples_leaf=4, min_samples_split=2,
                     min_weight_fraction_leaf=0.0, n_estimators=120,
                     n_jobs=None, oob_score=False, random_state=None, verbose=0,
                     warm_start=False) result for Accuracy is 0.821
2022-05-15 12:10:49,968:INFO:ExtraTreesClassifier(bootstrap=False, ccp_alpha=0.0, class_weight={},
                     criterion='entropy', max_depth=6, max_features=1.0,
                     max_leaf_nodes=None, max_samples=None,
                     min_impurity_decrease=0.001, min_impurity_split=None,
                     min_samples_leaf=4, min_samples_split=2,
                     min_weight_fraction_leaf=0.0, n_estimators=120,
                     n_jobs=None, oob_score=False, random_state=None, verbose=0,
                     warm_start=False) is best model
2022-05-15 12:10:49,968:INFO:choose_better completed
2022-05-15 12:10:50,018:INFO:create_model_container: 2
2022-05-15 12:10:50,022:INFO:master_model_container: 2
2022-05-15 12:10:50,023:INFO:display_container: 2
2022-05-15 12:10:50,024:INFO:ExtraTreesClassifier(bootstrap=False, ccp_alpha=0.0, class_weight={},
                     criterion='entropy', max_depth=6, max_features=1.0,
                     max_leaf_nodes=None, max_samples=None,
                     min_impurity_decrease=0.001, min_impurity_split=None,
                     min_samples_leaf=4, min_samples_split=2,
                     min_weight_fraction_leaf=0.0, n_estimators=120,
                     n_jobs=None, oob_score=False, random_state=None, verbose=0,
                     warm_start=False)
2022-05-15 12:10:50,024:INFO:tune_model() succesfully completed......................................
